Running: fuse.exe -relaunch -intstyle "ise" -incremental -o "E:/Programing/University Projects/VHDL/the_8bit_multiplier_using_pipeline/Multiplier_isim_beh.exe" -prj "E:/Programing/University Projects/VHDL/the_8bit_multiplier_using_pipeline/Multiplier_beh.prj" "work.Multiplier" 
ISim P.20131013 (signature 0x7708f090)
Number of CPUs detected in this system: 8
Turning on mult-threading, number of parallel sub-compilation jobs: 16 
Determining compilation order of HDL files
Parsing VHDL file "E:/Programing/University Projects/VHDL/the_8bit_multiplier_using_pipeline/Half_Adder.vhd" into library work
Parsing VHDL file "E:/Programing/University Projects/VHDL/the_8bit_multiplier_using_pipeline/Full_Adder.vhd" into library work
Parsing VHDL file "E:/Programing/University Projects/VHDL/the_8bit_multiplier_using_pipeline/C_Module.vhd" into library work
Parsing VHDL file "E:/Programing/University Projects/VHDL/the_8bit_multiplier_using_pipeline/Rigester.vhd" into library work
Parsing VHDL file "E:/Programing/University Projects/VHDL/the_8bit_multiplier_using_pipeline/Multiplier_Row.vhd" into library work
Parsing VHDL file "E:/Programing/University Projects/VHDL/the_8bit_multiplier_using_pipeline/FullAdder_Nbit.vhd" into library work
Parsing VHDL file "E:/Programing/University Projects/VHDL/the_8bit_multiplier_using_pipeline/Multiplier.vhd" into library work
Starting static elaboration
Completed static elaboration
Compiling package standard
Compiling package std_logic_1164
Compiling architecture behavioral of entity Half_Adder [half_adder_default]
Compiling architecture behavioral of entity Full_Adder [full_adder_default]
Compiling architecture behavioral of entity C_Module [c_module_default]
Compiling architecture behavioral of entity Multiplier_Row [\Multiplier_Row(8)\]
Compiling architecture behavioral of entity Rigester [\Rigester(16)\]
Compiling architecture behavioral of entity FullAdder_Nbit [\FullAdder_Nbit(8)\]
Compiling architecture behavioral of entity multiplier
Time Resolution for simulation is 1ps.
Compiled 15 VHDL Units
Built simulation executable E:/Programing/University Projects/VHDL/the_8bit_multiplier_using_pipeline/Multiplier_isim_beh.exe
Fuse Memory Usage: 30680 KB
Fuse CPU Usage: 843 ms
